<?xml version="1.0" encoding="UTF-8"?>
<!-- Generated by org.testng.reporters.JUnitXMLReporter -->
<testsuite ignored="0" hostname="Dell" failures="0" tests="4" name="Test1" time="22.507" errors="0" timestamp="2022-07-18T10:35:39 IST">
  <testcase classname="Test.LoginTest" name="logincheck" time="3.993"/>
  <testcase classname="Test.LoginTest" name="logincheck" time="1.275"/>
  <testcase classname="Test.LoginTest" name="logincheck" time="1.279"/>
  <testcase classname="Test.LoginTest" name="logincheck" time="1.273"/>
</testsuite> <!-- Test1 -->
