<?xml version="1.0" encoding="UTF-8"?>
<!-- Generated by org.testng.reporters.JUnitXMLReporter -->
<testsuite ignored="0" hostname="Dell" failures="0" tests="3" name="Default test" time="25.241" errors="0" timestamp="2022-07-02T10:53:13 IST">
  <testcase classname="AddCartTest.TestClass_AddProductToCart" name="searchpage" time="7.114"/>
  <testcase classname="AddCartTest.TestClass_AddProductToCart" name="switchpage" time="2.03"/>
  <testcase classname="AddCartTest.TestClass_AddProductToCart" name="product" time="3.956"/>
</testsuite> <!-- Default test -->
