<?xml version="1.0" encoding="UTF-8"?>
<!-- Generated by org.testng.reporters.JUnitXMLReporter -->
<testsuite ignored="0" hostname="DESKTOP-P6QHBND" failures="0" tests="5" name="Add&amp;delete" time="47.311" errors="0" timestamp="2022-05-21T20:21:35 IST">
  <testcase classname="AddCartTest.TestClass_AddProductToCart" name="searchpage" time="8.097"/>
  <testcase classname="AddCartTest.TestClass_AddProductToCart" name="switchpage" time="2.023"/>
  <testcase classname="AddCartTest.TestClass_AddProductToCart" name="product" time="4.124"/>
  <testcase classname="AddCartTest.DeleteFromCart" name="ToCart" time="12.247"/>
  <testcase classname="AddCartTest.DeleteFromCart" name="DeleteItem" time="0.744"/>
</testsuite> <!-- Add&delete -->
