<?xml version="1.0" encoding="UTF-8"?>
<testng-results ignored="0" total="4" passed="4" failed="0" skipped="0">
  <reporter-output>
  </reporter-output>
  <suite started-at="2022-07-18T10:35:16 IST" name="Suite" finished-at="2022-07-18T10:35:39 IST" duration-ms="22507">
    <groups>
    </groups>
    <test started-at="2022-07-18T10:35:16 IST" name="Test1" finished-at="2022-07-18T10:35:39 IST" duration-ms="22507">
      <class name="Test.LoginTest">
        <test-method is-config="true" signature="setUp(java.lang.String)[pri:0, instance:Test.LoginTest@799f10e1]" started-at="2022-07-18T10:35:16 IST" name="setUp" finished-at="2022-07-18T10:35:24 IST" duration-ms="7328" status="PASS">
          <params>
            <param index="0">
              <value>
                <![CDATA[Firefox]]>
              </value>
            </param>
          </params>
          <reporter-output>
          </reporter-output>
        </test-method> <!-- setUp -->
        <test-method signature="logincheck(java.lang.String,java.lang.String)[pri:0, instance:Test.LoginTest@799f10e1]" started-at="2022-07-18T10:35:24 IST" name="logincheck" data-provider="xldata" finished-at="2022-07-18T10:35:28 IST" duration-ms="3993" status="PASS">
          <params>
            <param index="0">
              <value>
                <![CDATA[mngr422966]]>
              </value>
            </param>
            <param index="1">
              <value>
                <![CDATA[vyvAbag]]>
              </value>
            </param>
          </params>
          <reporter-output>
          </reporter-output>
        </test-method> <!-- logincheck -->
        <test-method signature="logincheck(java.lang.String,java.lang.String)[pri:0, instance:Test.LoginTest@799f10e1]" started-at="2022-07-18T10:35:28 IST" name="logincheck" data-provider="xldata" finished-at="2022-07-18T10:35:30 IST" duration-ms="1275" status="PASS">
          <params>
            <param index="0">
              <value>
                <![CDATA[mngr422966]]>
              </value>
            </param>
            <param index="1">
              <value>
                <![CDATA[mngr422966]]>
              </value>
            </param>
          </params>
          <reporter-output>
          </reporter-output>
        </test-method> <!-- logincheck -->
        <test-method signature="logincheck(java.lang.String,java.lang.String)[pri:0, instance:Test.LoginTest@799f10e1]" started-at="2022-07-18T10:35:30 IST" name="logincheck" data-provider="xldata" finished-at="2022-07-18T10:35:31 IST" duration-ms="1279" status="PASS">
          <params>
            <param index="0">
              <value>
                <![CDATA[vyvAbag]]>
              </value>
            </param>
            <param index="1">
              <value>
                <![CDATA[vyvAbag]]>
              </value>
            </param>
          </params>
          <reporter-output>
          </reporter-output>
        </test-method> <!-- logincheck -->
        <test-method signature="logincheck(java.lang.String,java.lang.String)[pri:0, instance:Test.LoginTest@799f10e1]" started-at="2022-07-18T10:35:31 IST" name="logincheck" data-provider="xldata" finished-at="2022-07-18T10:35:32 IST" duration-ms="1273" status="PASS">
          <params>
            <param index="0">
              <value>
                <![CDATA[sdlhsf]]>
              </value>
            </param>
            <param index="1">
              <value>
                <![CDATA[jsbfjsb]]>
              </value>
            </param>
          </params>
          <reporter-output>
          </reporter-output>
        </test-method> <!-- logincheck -->
        <test-method is-config="true" signature="tearDown()[pri:0, instance:Test.LoginTest@799f10e1]" started-at="2022-07-18T10:35:32 IST" name="tearDown" finished-at="2022-07-18T10:35:39 IST" duration-ms="6426" status="PASS">
          <reporter-output>
          </reporter-output>
        </test-method> <!-- tearDown -->
      </class> <!-- Test.LoginTest -->
    </test> <!-- Test1 -->
  </suite> <!-- Suite -->
</testng-results>
